{
  "RSpec": {
    "coverage": {
      "/Users/nellie/turing/mod4/take_home_challeng/take_home_challenge_be/config/environment.rb": {
        "lines": [
          null,
          1,
          null,
          null,
          1
        ]
      },
      "/Users/nellie/turing/mod4/take_home_challeng/take_home_challenge_be/config/application.rb": {
        "lines": [
          1,
          null,
          1,
          null,
          1,
          1,
          1,
          1,
          1,
          1,
          1,
          1,
          1,
          1,
          null,
          null,
          null,
          null,
          1,
          null,
          1,
          1,
          null,
          1,
          null,
          null,
          null,
          null,
          null,
          null,
          null,
          null,
          null,
          null,
          null,
          null,
          1,
          null,
          null
        ]
      },
      "/Users/nellie/turing/mod4/take_home_challeng/take_home_challenge_be/config/boot.rb": {
        "lines": [
          1,
          null,
          1,
          1
        ]
      },
      "/Users/nellie/turing/mod4/take_home_challeng/take_home_challenge_be/config/environments/test.rb": {
        "lines": [
          1,
          null,
          null,
          null,
          null,
          null,
          null,
          1,
          null,
          null,
          null,
          1,
          null,
          null,
          null,
          null,
          1,
          null,
          null,
          1,
          1,
          null,
          null,
          null,
          null,
          1,
          1,
          1,
          null,
          null,
          1,
          null,
          null,
          1,
          null,
          null,
          1,
          null,
          1,
          null,
          null,
          null,
          null,
          1,
          null,
          null,
          1,
          null,
          null,
          1,
          null,
          null,
          1,
          null,
          null,
          null,
          null,
          null,
          null,
          null
        ]
      },
      "/Users/nellie/turing/mod4/take_home_challeng/take_home_challenge_be/config/initializers/cors.rb": {
        "lines": [
          null,
          null,
          null,
          null,
          null,
          null,
          null,
          null,
          null,
          null,
          null,
          null,
          null,
          null,
          null,
          null
        ]
      },
      "/Users/nellie/turing/mod4/take_home_challeng/take_home_challenge_be/config/initializers/filter_parameter_logging.rb": {
        "lines": [
          null,
          null,
          null,
          null,
          null,
          1,
          null,
          null
        ]
      },
      "/Users/nellie/turing/mod4/take_home_challeng/take_home_challenge_be/config/initializers/inflections.rb": {
        "lines": [
          null,
          null,
          null,
          null,
          null,
          null,
          null,
          null,
          null,
          null,
          null,
          null,
          null,
          null,
          null,
          null
        ]
      },
      "/Users/nellie/turing/mod4/take_home_challeng/take_home_challenge_be/config/routes.rb": {
        "lines": [
          1,
          1,
          1,
          1,
          1,
          1,
          null,
          null,
          null
        ]
      },
      "/Users/nellie/turing/mod4/take_home_challeng/take_home_challenge_be/app/models/customer.rb": {
        "lines": [
          1,
          1,
          1,
          1,
          1,
          1,
          1,
          null,
          null
        ]
      },
      "/Users/nellie/turing/mod4/take_home_challeng/take_home_challenge_be/app/models/application_record.rb": {
        "lines": [
          1,
          1,
          null
        ]
      },
      "/Users/nellie/turing/mod4/take_home_challeng/take_home_challenge_be/app/models/tea.rb": {
        "lines": [
          1,
          1,
          1,
          1,
          1,
          1,
          1,
          null
        ]
      },
      "/Users/nellie/turing/mod4/take_home_challeng/take_home_challenge_be/app/models/subscription.rb": {
        "lines": [
          1,
          1,
          1,
          1,
          1,
          1,
          1,
          null,
          null
        ]
      },
      "/Users/nellie/turing/mod4/take_home_challeng/take_home_challenge_be/app/controllers/api/v1/subscription_controller.rb": {
        "lines": [
          1,
          1,
          null,
          0,
          0,
          0,
          null,
          null,
          null,
          null,
          null,
          0,
          0,
          0,
          null,
          null,
          null,
          1,
          null,
          2,
          2,
          2,
          1,
          0,
          1,
          1,
          null,
          0,
          0,
          null,
          1,
          1,
          1,
          1,
          null,
          null,
          null,
          null,
          1,
          null,
          0,
          0,
          0,
          0,
          0,
          null,
          null,
          null
        ]
      },
      "/Users/nellie/turing/mod4/take_home_challeng/take_home_challenge_be/app/controllers/application_controller.rb": {
        "lines": [
          1,
          null
        ]
      },
      "/Users/nellie/turing/mod4/take_home_challeng/take_home_challenge_be/app/serializers/subscription_serializer.rb": {
        "lines": [
          1,
          1,
          1,
          null,
          1,
          1,
          null,
          null,
          1,
          1,
          null,
          null
        ]
      }
    },
    "timestamp": 1698942263
  }
}
